0 info it worked if it ends with ok
1 verbose cli [ '/var/lib/openshift/0ec3d0816ea44afa817d50790b6d6192/app-root/data//bin/node-openshift',
1 verbose cli   '/var/lib/stickshift/0ec3d0816ea44afa817d50790b6d6192/app-root/data/lib/node_modules/npm/bin/npm-cli.js',
1 verbose cli   'install' ]
2 info using npm@1.1.62
3 info using node@v0.6.21
4 verbose node symlink /var/lib/openshift/0ec3d0816ea44afa817d50790b6d6192/app-root/data//bin/node-openshift
5 verbose read json /var/lib/stickshift/0ec3d0816ea44afa817d50790b6d6192/app-root/data/317268/package.json
6 error install Couldn't read dependencies
7 error Error: ENOENT, open '/var/lib/stickshift/0ec3d0816ea44afa817d50790b6d6192/app-root/data/317268/package.json'
8 error If you need help, you may report this log at:
8 error     <http://github.com/isaacs/npm/issues>
8 error or email it to:
8 error     <npm-@googlegroups.com>
9 error System Linux 2.6.32-279.14.1.el6.x86_64
10 error command "/var/lib/openshift/0ec3d0816ea44afa817d50790b6d6192/app-root/data//bin/node-openshift" "/var/lib/stickshift/0ec3d0816ea44afa817d50790b6d6192/app-root/data/lib/node_modules/npm/bin/npm-cli.js" "install"
11 error cwd /var/lib/stickshift/0ec3d0816ea44afa817d50790b6d6192/app-root/data/317268
12 error node -v v0.6.21
13 error npm -v 1.1.62
14 error path /var/lib/stickshift/0ec3d0816ea44afa817d50790b6d6192/app-root/data/317268/package.json
15 error code ENOENT
16 error errno 34
17 verbose exit [ 34, true ]
